<?xml version="1.0" encoding="UTF-8"?>
<testsuite xmlns:xsi="http://www.w3.org/2001/XMLSchema-instance" xsi:noNamespaceSchemaLocation="https://maven.apache.org/surefire/maven-surefire-plugin/xsd/surefire-test-report-3.0.xsd" version="3.0" name="ro.digitalnation.Rush13ApplicationTests" time="13.505" tests="1" errors="0" skipped="0" failures="0">
  <properties>
[...]
</properties>
  <testcase name="contextLoads" classname="ro.digitalnation.Rush13ApplicationTests" time="2.114">
    <system-out><![CDATA[20:32:14.781 [main] INFO org.springframework.test.context.support.AnnotationConfigContextLoaderUtils -- Could not detect default configuration classes for test class [ro.digitalnation.Rush13ApplicationTests]: Rush13ApplicationTests does not declare any static, non-private, non-final, nested classes annotated with @Configuration.
20:32:15.194 [main] INFO org.springframework.boot.test.context.SpringBootTestContextBootstrapper -- Found @SpringBootConfiguration ro.digitalnation.Rush13Application for test class ro.digitalnation.Rush13ApplicationTests
20:32:15.754 [main] INFO org.springframework.boot.devtools.restart.RestartApplicationListener -- Restart disabled due to context in which it is running

  .   ____          _            __ _ _
 /\\ / ___'_ __ _ _(_)_ __  __ _ \ \ \ \
( ( )\___ | '_ | '_| | '_ \/ _` | \ \ \ \
 \\/  ___)| |_)| | | | | || (_| |  ) ) ) )
  '  |____| .__|_| |_|_| |_\__, | / / / /
 =========|_|==============|___/=/_/_/_/

 :: Spring Boot ::                (v3.3.5)

2024-11-27T20:32:17.077+02:00  INFO 5064 --- [Rush13] [           main] r.digitalnation.Rush13ApplicationTests   : Starting Rush13ApplicationTests using Java 22.0.2 with PID 5064 (started by Laura in C:\Users\Laura\ws2024\Rush13)
2024-11-27T20:32:17.085+02:00  INFO 5064 --- [Rush13] [           main] r.digitalnation.Rush13ApplicationTests   : No active profile set, falling back to 1 default profile: "default"
2024-11-27T20:32:18.945+02:00  INFO 5064 --- [Rush13] [           main] .s.d.r.c.RepositoryConfigurationDelegate : Bootstrapping Spring Data JPA repositories in DEFAULT mode.
2024-11-27T20:32:19.001+02:00  INFO 5064 --- [Rush13] [           main] .s.d.r.c.RepositoryConfigurationDelegate : Finished Spring Data repository scanning in 33 ms. Found 0 JPA repository interfaces.
2024-11-27T20:32:20.271+02:00  INFO 5064 --- [Rush13] [           main] com.zaxxer.hikari.HikariDataSource       : HikariPool-1 - Starting...
2024-11-27T20:32:20.834+02:00  INFO 5064 --- [Rush13] [           main] com.zaxxer.hikari.pool.HikariPool        : HikariPool-1 - Added connection conn0: url=jdbc:h2:mem:decfe829-fc3e-4ce1-93f8-d6787de421c2 user=SA
2024-11-27T20:32:20.838+02:00  INFO 5064 --- [Rush13] [           main] com.zaxxer.hikari.HikariDataSource       : HikariPool-1 - Start completed.
2024-11-27T20:32:21.010+02:00  INFO 5064 --- [Rush13] [           main] o.hibernate.jpa.internal.util.LogHelper  : HHH000204: Processing PersistenceUnitInfo [name: default]
2024-11-27T20:32:21.206+02:00  INFO 5064 --- [Rush13] [           main] org.hibernate.Version                    : HHH000412: Hibernate ORM core version 6.5.3.Final
2024-11-27T20:32:21.325+02:00  INFO 5064 --- [Rush13] [           main] o.h.c.internal.RegionFactoryInitiator    : HHH000026: Second-level cache disabled
2024-11-27T20:32:22.293+02:00  INFO 5064 --- [Rush13] [           main] o.s.o.j.p.SpringPersistenceUnitInfo      : No LoadTimeWeaver setup: ignoring JPA class transformer
2024-11-27T20:32:23.628+02:00  INFO 5064 --- [Rush13] [           main] o.h.e.t.j.p.i.JtaPlatformInitiator       : HHH000489: No JTA platform available (set 'hibernate.transaction.jta.platform' to enable JTA platform integration)
2024-11-27T20:32:23.646+02:00  INFO 5064 --- [Rush13] [           main] j.LocalContainerEntityManagerFactoryBean : Initialized JPA EntityManagerFactory for persistence unit 'default'
2024-11-27T20:32:24.149+02:00  WARN 5064 --- [Rush13] [           main] JpaBaseConfiguration$JpaWebConfiguration : spring.jpa.open-in-view is enabled by default. Therefore, database queries may be performed during view rendering. Explicitly configure spring.jpa.open-in-view to disable this warning
2024-11-27T20:32:25.658+02:00  INFO 5064 --- [Rush13] [           main] r.digitalnation.Rush13ApplicationTests   : Started Rush13ApplicationTests in 9.931 seconds (process running for 12.642)
]]></system-out>
    <system-err><![CDATA[WARNING: A Java agent has been loaded dynamically (C:\Users\Laura\.m2\repository\net\bytebuddy\byte-buddy-agent\1.14.19\byte-buddy-agent-1.14.19.jar)
WARNING: If a serviceability tool is in use, please run with -XX:+EnableDynamicAgentLoading to hide this warning
WARNING: If a serviceability tool is not in use, please run with -Djdk.instrument.traceUsage for more information
WARNING: Dynamic loading of agents will be disallowed by default in a future release
]]></system-err>
  </testcase>
</testsuite>